  largeInt.cpp
c:\users\folling\documents\visual studio 2017\projects\largenumlib\largenumlib\largeint.cpp(5): error C2668: 'largeInt::largeInt': ambiguous call to overloaded function
  c:\users\folling\documents\visual studio 2017\projects\largenumlib\largenumlib\largeint.h(16): note: could be 'largeInt::largeInt(const largeInt &)'
  c:\users\folling\documents\visual studio 2017\projects\largenumlib\largenumlib\largeint.h(18): note: or       'largeInt::largeInt(std::string)'
  c:\users\folling\documents\visual studio 2017\projects\largenumlib\largenumlib\largeint.h(17): note: or       'largeInt::largeInt(__int64)'
  c:\users\folling\documents\visual studio 2017\projects\largenumlib\largenumlib\largeint.h(19): note: or       'largeInt::largeInt(char)'
  c:\users\folling\documents\visual studio 2017\projects\largenumlib\largenumlib\largeint.cpp(5): note: while trying to match the argument list '(int)'
c:\users\folling\documents\visual studio 2017\projects\largenumlib\largenumlib\largeint.cpp(11): error C2668: 'largeInt::largeInt': ambiguous call to overloaded function
  c:\users\folling\documents\visual studio 2017\projects\largenumlib\largenumlib\largeint.h(16): note: could be 'largeInt::largeInt(const largeInt &)'
  c:\users\folling\documents\visual studio 2017\projects\largenumlib\largenumlib\largeint.h(18): note: or       'largeInt::largeInt(std::string)'
  c:\users\folling\documents\visual studio 2017\projects\largenumlib\largenumlib\largeint.h(17): note: or       'largeInt::largeInt(__int64)'
  c:\users\folling\documents\visual studio 2017\projects\largenumlib\largenumlib\largeint.h(19): note: or       'largeInt::largeInt(char)'
  c:\users\folling\documents\visual studio 2017\projects\largenumlib\largenumlib\largeint.cpp(11): note: while trying to match the argument list '(int)'
c:\users\folling\documents\visual studio 2017\projects\largenumlib\largenumlib\largeint.cpp(12): error C2668: 'largeInt::largeInt': ambiguous call to overloaded function
  c:\users\folling\documents\visual studio 2017\projects\largenumlib\largenumlib\largeint.h(16): note: could be 'largeInt::largeInt(const largeInt &)'
  c:\users\folling\documents\visual studio 2017\projects\largenumlib\largenumlib\largeint.h(18): note: or       'largeInt::largeInt(std::string)'
  c:\users\folling\documents\visual studio 2017\projects\largenumlib\largenumlib\largeint.h(17): note: or       'largeInt::largeInt(__int64)'
  c:\users\folling\documents\visual studio 2017\projects\largenumlib\largenumlib\largeint.h(19): note: or       'largeInt::largeInt(char)'
  c:\users\folling\documents\visual studio 2017\projects\largenumlib\largenumlib\largeint.cpp(12): note: while trying to match the argument list '(int)'
c:\users\folling\documents\visual studio 2017\projects\largenumlib\largenumlib\largeint.cpp(13): error C2668: 'largeInt::largeInt': ambiguous call to overloaded function
  c:\users\folling\documents\visual studio 2017\projects\largenumlib\largenumlib\largeint.h(16): note: could be 'largeInt::largeInt(const largeInt &)'
  c:\users\folling\documents\visual studio 2017\projects\largenumlib\largenumlib\largeint.h(18): note: or       'largeInt::largeInt(std::string)'
  c:\users\folling\documents\visual studio 2017\projects\largenumlib\largenumlib\largeint.h(17): note: or       'largeInt::largeInt(__int64)'
  c:\users\folling\documents\visual studio 2017\projects\largenumlib\largenumlib\largeint.h(19): note: or       'largeInt::largeInt(char)'
  c:\users\folling\documents\visual studio 2017\projects\largenumlib\largenumlib\largeint.cpp(13): note: while trying to match the argument list '(int)'
  largeFloat.cpp
c:\users\folling\documents\visual studio 2017\projects\largenumlib\largenumlib\largeint.h(215): error C2668: 'largeInt::largeInt': ambiguous call to overloaded function
  c:\users\folling\documents\visual studio 2017\projects\largenumlib\largenumlib\largeint.h(16): note: could be 'largeInt::largeInt(const largeInt &)'
  c:\users\folling\documents\visual studio 2017\projects\largenumlib\largenumlib\largeint.h(18): note: or       'largeInt::largeInt(std::string)'
  c:\users\folling\documents\visual studio 2017\projects\largenumlib\largenumlib\largeint.h(17): note: or       'largeInt::largeInt(__int64)'
  c:\users\folling\documents\visual studio 2017\projects\largenumlib\largenumlib\largeint.h(19): note: or       'largeInt::largeInt(char)'
  c:\users\folling\documents\visual studio 2017\projects\largenumlib\largenumlib\largeint.h(215): note: while trying to match the argument list '(const int)'
  c:\users\folling\documents\visual studio 2017\projects\largenumlib\largenumlib\largefloat.cpp(246): note: see reference to function template instantiation 'bool largeInt::operator <<int>(const T) const' being compiled
          with
          [
              T=int
          ]
c:\users\folling\documents\visual studio 2017\projects\largenumlib\largenumlib\largeint.h(208): error C2668: 'largeInt::largeInt': ambiguous call to overloaded function
  c:\users\folling\documents\visual studio 2017\projects\largenumlib\largenumlib\largeint.h(16): note: could be 'largeInt::largeInt(const largeInt &)'
  c:\users\folling\documents\visual studio 2017\projects\largenumlib\largenumlib\largeint.h(18): note: or       'largeInt::largeInt(std::string)'
  c:\users\folling\documents\visual studio 2017\projects\largenumlib\largenumlib\largeint.h(17): note: or       'largeInt::largeInt(__int64)'
  c:\users\folling\documents\visual studio 2017\projects\largenumlib\largenumlib\largeint.h(19): note: or       'largeInt::largeInt(char)'
  c:\users\folling\documents\visual studio 2017\projects\largenumlib\largenumlib\largeint.h(208): note: while trying to match the argument list '(const int)'
  c:\users\folling\documents\visual studio 2017\projects\largenumlib\largenumlib\largefloat.cpp(248): note: see reference to function template instantiation 'bool largeInt::operator ><int>(const T) const' being compiled
          with
          [
              T=int
          ]
c:\users\folling\documents\visual studio 2017\projects\largenumlib\largenumlib\largeint.h(201): error C2668: 'largeInt::largeInt': ambiguous call to overloaded function
  c:\users\folling\documents\visual studio 2017\projects\largenumlib\largenumlib\largeint.h(16): note: could be 'largeInt::largeInt(const largeInt &)'
  c:\users\folling\documents\visual studio 2017\projects\largenumlib\largenumlib\largeint.h(18): note: or       'largeInt::largeInt(std::string)'
  c:\users\folling\documents\visual studio 2017\projects\largenumlib\largenumlib\largeint.h(17): note: or       'largeInt::largeInt(__int64)'
  c:\users\folling\documents\visual studio 2017\projects\largenumlib\largenumlib\largeint.h(19): note: or       'largeInt::largeInt(char)'
  c:\users\folling\documents\visual studio 2017\projects\largenumlib\largenumlib\largeint.h(201): note: while trying to match the argument list '(const int)'
  c:\users\folling\documents\visual studio 2017\projects\largenumlib\largenumlib\largefloat.cpp(328): note: see reference to function template instantiation 'bool largeInt::operator ==<int>(const T) const' being compiled
          with
          [
              T=int
          ]
c:\users\folling\documents\visual studio 2017\projects\largenumlib\largenumlib\largeint.h(143): error C2664: 'largeInt::largeInt(const largeInt &)': cannot convert argument 1 from 'const largeFloat' to 'char'
  c:\users\folling\documents\visual studio 2017\projects\largenumlib\largenumlib\largeint.h(143): note: No user-defined-conversion operator available that can perform this conversion, or the operator cannot be called
  c:\users\folling\documents\visual studio 2017\projects\largenumlib\largenumlib\largefloat.cpp(330): note: see reference to function template instantiation 'largeInt largeInt::operator /<largeFloat>(const T) const' being compiled
          with
          [
              T=largeFloat
          ]
  Generating Code...
  Compiling...
  largeNumFunctions.cpp
  Generating Code...
  Compiling...
  main.cpp
  Generating Code...
